[preview.webcake.io/my-pham-va-sac-dep-10.html]
[backblue.gif]
[fade.gif]
[index.html]
[preview.webcake.io/pages/my-pham-va-sac-dep-10.html]
[statics.pancake.vn/web-media/48/c1/5e/fa/d6427653b3fa44d854f2171914c91e090286b98f56448f3101970b11.png]
[cdn.pancake.vn/1/s2900x1100/fwebp/05/5a/27/6a/42d52cb66664af8cf14e7d96ca7bcf75e7e6a0a24ccbbc9cc56241d2.png]
[cdn.pancake.vn/1/s2900x1100/05/5a/27/6a/42d52cb66664af8cf14e7d96ca7bcf75e7e6a0a24ccbbc9cc56241d2.png]
[cdn.pancake.vn/1/s600x400/fwebp/c8/f7/9d/37/be0a477764df14b26bd3ba342907acae8d244ad49106fdb736f4be29.png]
[cdn.pancake.vn/1/s600x400/c8/f7/9d/37/be0a477764df14b26bd3ba342907acae8d244ad49106fdb736f4be29.png]
[cdn.pancake.vn/1/s700x400/fwebp/ef/91/af/96/3d24fe1cf2337c7e67b3cc323c2c6e139a0b0366a698b93fc26e79e2.png]
[cdn.pancake.vn/1/s700x400/ef/91/af/96/3d24fe1cf2337c7e67b3cc323c2c6e139a0b0366a698b93fc26e79e2.png]
[cdn.pancake.vn/1/s750x850/fwebp/ad/29/ce/3a/bf56d8f08ab5c23328ad9b73b8c538ca0e801955cf08f98af40b6a2c.png]
[cdn.pancake.vn/1/s750x850/ad/29/ce/3a/bf56d8f08ab5c23328ad9b73b8c538ca0e801955cf08f98af40b6a2c.png]
[cdn.pancake.vn/1/s750x1550/fwebp/05/5a/27/6a/42d52cb66664af8cf14e7d96ca7bcf75e7e6a0a24ccbbc9cc56241d2.png]
[cdn.pancake.vn/1/s750x1550/05/5a/27/6a/42d52cb66664af8cf14e7d96ca7bcf75e7e6a0a24ccbbc9cc56241d2.png]
[cdn.pancake.vn/1/s650x750/fwebp/ad/29/ce/3a/bf56d8f08ab5c23328ad9b73b8c538ca0e801955cf08f98af40b6a2c.png]
[cdn.pancake.vn/1/s650x750/ad/29/ce/3a/bf56d8f08ab5c23328ad9b73b8c538ca0e801955cf08f98af40b6a2c.png]
[preview.webcake.io/address_wc/address.84.min3860.js]
[preview.webcake.io/animate/animatev42754.css]
[preview.webcake.io/render_iconfont/iconfont2754.css]
[preview.webcake.io/webcake/v4/c4e5c773-0344-43a6-bde4-97aab3d8eaac3860.html]
[preview.webcake.io/render_v4/product7924.js]
[preview.webcake.io/page_view4113.gif]
[preview.webcake.io/my-pham-va-sac-dep-10.html]
[preview.webcake.io/pages/my-pham-va-sac-dep-10.html]
[preview.webcake.io/animate/animatev42754.css]
[preview.webcake.io/render_iconfont/iconfontbd18.woff2]
[content.pancake.vn/1/48/c1/5e/fa/d6427653b3fa44d854f2171914c91e090286b98f56448f3101970b11.png]
[preview.webcake.io/render_iconfont/iconfontbd18.woff]
[preview.webcake.io/render_iconfont/iconfontbd18.ttf]
[preview.webcake.io/render_iconfont/iconfont2754.css]
[preview.webcake.io/webcake/v4/c4e5c773-0344-43a6-bde4-97aab3d8eaac3860.html]
[preview.webcake.io/webcake/v4/=o.json]
[www.googletagmanager.com/gtm5445.html]
[preview.webcake.io/currency/index.html]
[preview.webcake.io/currency/index.html]
